<?xml version="1.0" encoding="UTF-8"?>
<!-- Generated by org.testng.reporters.JUnitXMLReporter -->
<testsuite ignored="0" hostname="DESKTOP-V9K624K" failures="0" tests="2" name="Default test" time="1.834" errors="0" timestamp="28 Apr 2020 12:59:14 GMT">
  <testcase classname="com.code.ExcelDemo.Zencannalogin" name="fillUserForm" time="0.0">
    <skipped/>
  </testcase> <!-- fillUserForm -->
  <testcase classname="com.code.ExcelDemo.Zencannalogin" name="setdata" time="0.0">
    <skipped/>
  </testcase> <!-- setdata -->
</testsuite> <!-- Default test -->
